swanlab: Tracking run with swanlab version 0.7.18
swanlab: Run data will be saved locally in 
/home/algroup/x1x/Flow_skill_1/reskill/swanlog/skill_prior/fetch_block_push999_p
ick1/seed_3_Flow_student0/run-20260514_150536-5jeqq3m35oc0vmsr0dgmr
swanlab: 👋 Hi x1x1217,welcome to swanlab!
swanlab: Syncing run skill_prior_seed3_Flow_student0 to the cloud
swanlab: 🏠 View project at https://swanlab.cn/@x1x1217/Flow_skill_1
swanlab: 🚀 View run at 
https://swanlab.cn/@x1x1217/Flow_skill_1/runs/5jeqq3m35oc0vmsr0dgmr
Device:  cuda
Dataset size:  40000
Dataset size:  40000
Training...
  0%|          | 0/200 [00:00<?, ?it/s]
[start epoch 000/200]
[epoch 000 batch 0000/309] vae_total=0.3509 vae_bc=0.3509 vae_kl=0.0000 flow=2.0627 distill=0.0000 prior_total=2.0627
[epoch 000 batch 0010/309] vae_total=0.3169 vae_bc=0.3169 vae_kl=0.0000 flow=1.6805 distill=0.0000 prior_total=1.6805
[epoch 000 batch 0020/309] vae_total=0.2970 vae_bc=0.2970 vae_kl=0.0000 flow=1.6179 distill=0.0000 prior_total=1.6179
[epoch 000 batch 0030/309] vae_total=0.2470 vae_bc=0.2470 vae_kl=0.0000 flow=1.7428 distill=0.0000 prior_total=1.7428
[epoch 000 batch 0040/309] vae_total=0.2569 vae_bc=0.2569 vae_kl=0.0000 flow=1.6233 distill=0.0000 prior_total=1.6233
