swanlab: Tracking run with swanlab version 0.7.18
swanlab: Run data will be saved locally in 
/home/algroup/x1x/Flow_skill_1/reskill/swanlog/skill_prior/fetch_block_push999_p
ick1/seed_2_Flow_student0/run-20260514_150536-3d25u7crf8pm6pw6jdee9
swanlab: 👋 Hi x1x1217,welcome to swanlab!
swanlab: Syncing run skill_prior_seed2_Flow_student0 to the cloud
swanlab: 🏠 View project at https://swanlab.cn/@x1x1217/Flow_skill_1
swanlab: 🚀 View run at 
https://swanlab.cn/@x1x1217/Flow_skill_1/runs/3d25u7crf8pm6pw6jdee9
Device:  cuda
Dataset size:  40000
Dataset size:  40000
Training...
  0%|          | 0/200 [00:00<?, ?it/s]
[start epoch 000/200]
[epoch 000 batch 0000/309] vae_total=0.3641 vae_bc=0.3641 vae_kl=0.0000 flow=1.8497 distill=0.0000 prior_total=1.8497
[epoch 000 batch 0010/309] vae_total=0.3610 vae_bc=0.3610 vae_kl=0.0000 flow=1.5471 distill=0.0000 prior_total=1.5471
[epoch 000 batch 0020/309] vae_total=0.3024 vae_bc=0.3024 vae_kl=0.0000 flow=1.6432 distill=0.0000 prior_total=1.6432
[epoch 000 batch 0030/309] vae_total=0.3293 vae_bc=0.3293 vae_kl=0.0000 flow=1.7251 distill=0.0000 prior_total=1.7251
[epoch 000 batch 0040/309] vae_total=0.2808 vae_bc=0.2808 vae_kl=0.0000 flow=1.8138 distill=0.0000 prior_total=1.8138
